# JRE version: Java(TM) SE Runtime Environment (21.0.1+12) (build 21.0.1+12-LTS-29)
# Java VM: Java HotSpot(TM) 64-Bit Server VM (21.0.1+12-LTS-29, mixed mode, sharing, tiered, compressed oops, compressed class ptrs, g1 gc, windows-amd64)
GC Precious Log:
 CardTable entry size: 512
 Card Set container configuration: InlinePtr #cards 5 size 8 Array Of Cards #cards 12 size 40 Howl #buckets 4 coarsen threshold 1843 Howl Bitmap #cards 512 size 80 coarsen threshold 460 Card regions per heap region 1 cards per card region 2048
 CPUs: 4 total, 4 available
 Memory: 3978M
 Large Page Support: Disabled
 NUMA Support: Disabled
 Compressed Oops: Enabled (32-bit)
 Heap Region Size: 1M
 Heap Min Capacity: 8M
 Heap Initial Capacity: 64M
 Heap Max Capacity: 996M
 Pre-touch: Disabled
 Parallel Workers: 4
 Concurrent Workers: 1
 Concurrent Refinement Workers: 4
 Periodic GC: Disabled
Heap:
 garbage-first heap   total 65536K, used 18272K [0x00000000c1c00000, 0x0000000100000000)
  region size 1024K, 15 young (15360K), 5 survivors (5120K)
 Metaspace       used 16565K, committed 16896K, reserved 1114112K
  class space    used 2525K, committed 2688K, reserved 1048576K
GC Heap History (6 events):
Event: 8.364 GC heap before
{Heap before GC invocations=0 (full 0):
 garbage-first heap   total 65536K, used 12288K [0x00000000c1c00000, 0x0000000100000000)
  region size 1024K, 13 young (13312K), 0 survivors (0K)
 Metaspace       used 2713K, committed 2816K, reserved 1114112K
  class space    used 276K, committed 320K, reserved 1048576K
}
Event: 8.378 GC heap after
{Heap after GC invocations=1 (full 0):
 garbage-first heap   total 65536K, used 2822K [0x00000000c1c00000, 0x0000000100000000)
  region size 1024K, 2 young (2048K), 2 survivors (2048K)
 Metaspace       used 2713K, committed 2816K, reserved 1114112K
  class space    used 276K, committed 320K, reserved 1048576K
}
Event: 17.713 GC heap before
{Heap before GC invocations=1 (full 0):
 garbage-first heap   total 65536K, used 19206K [0x00000000c1c00000, 0x0000000100000000)
  region size 1024K, 19 young (19456K), 2 survivors (2048K)
 Metaspace       used 7586K, committed 7872K, reserved 1114112K
  class space    used 960K, committed 1088K, reserved 1048576K
}
Event: 17.719 GC heap after
{Heap after GC invocations=2 (full 0):
 garbage-first heap   total 65536K, used 4133K [0x00000000c1c00000, 0x0000000100000000)
  region size 1024K, 2 young (2048K), 2 survivors (2048K)
 Metaspace       used 7586K, committed 7872K, reserved 1114112K
  class space    used 960K, committed 1088K, reserved 1048576K
}
Event: 27.212 GC heap before
{Heap before GC invocations=2 (full 0):
 garbage-first heap   total 65536K, used 39973K [0x00000000c1c00000, 0x0000000100000000)
  region size 1024K, 38 young (38912K), 2 survivors (2048K)
 Metaspace       used 14819K, committed 15104K, reserved 1114112K
  class space    used 2302K, committed 2432K, reserved 1048576K
}
Event: 27.221 GC heap after
{Heap after GC invocations=3 (full 0):
 garbage-first heap   total 65536K, used 8032K [0x00000000c1c00000, 0x0000000100000000)
  region size 1024K, 5 young (5120K), 5 survivors (5120K)
 Metaspace       used 14819K, committed 15104K, reserved 1114112K
  class space    used 2302K, committed 2432K, reserved 1048576K
}

